0 info it worked if it ends with ok
1 verbose cli [ 'node', '/usr/local/bin/npm', 'install', 'sass', '-g' ]
2 info using npm@2.13.3
3 info using node@v0.12.0
4 verbose install initial load of /usr/local/lib/package.json
5 verbose readDependencies loading dependencies from /usr/local/lib/package.json
6 silly cache add args [ 'sass', null ]
7 verbose cache add spec sass
8 silly cache add parsed spec { raw: 'sass',
8 silly cache add   scope: null,
8 silly cache add   name: 'sass',
8 silly cache add   rawSpec: '',
8 silly cache add   spec: '*',
8 silly cache add   type: 'range' }
9 silly addNamed sass@*
10 verbose addNamed "*" is a valid semver range for sass
11 silly addNameRange { name: 'sass', range: '*', hasData: false }
12 silly mapToRegistry name sass
13 silly mapToRegistry using default registry
14 silly mapToRegistry registry https://registry.npmjs.org/
15 silly mapToRegistry uri https://registry.npmjs.org/sass
16 verbose addNameRange registry:https://registry.npmjs.org/sass not in flight; fetching
17 verbose request uri https://registry.npmjs.org/sass
18 verbose request no auth needed
19 info attempt registry request try #1 at 3:39:46 PM
20 verbose request id 904d50ffdde43aa8
21 http request GET https://registry.npmjs.org/sass
22 http 200 https://registry.npmjs.org/sass
23 silly get cb [ 200,
23 silly get   { server: 'CouchDB/1.5.0 (Erlang OTP/R16B03)',
23 silly get     etag: '"3N8DFV8RQ52OLAEUJ1HZ2J1OR"',
23 silly get     'content-type': 'application/json',
23 silly get     'cache-control': 'max-age=60',
23 silly get     'content-length': '2928',
23 silly get     'accept-ranges': 'bytes',
23 silly get     date: 'Sun, 06 Sep 2015 19:39:46 GMT',
23 silly get     via: '1.1 varnish',
23 silly get     age: '0',
23 silly get     connection: 'keep-alive',
23 silly get     'x-served-by': 'cache-atl6234-ATL',
23 silly get     'x-cache': 'MISS',
23 silly get     'x-cache-hits': '0',
23 silly get     'x-timer': 'S1441568386.078531,VS0,VE87',
23 silly get     vary: 'Accept' } ]
24 verbose get saving sass to /Users/rex/.npm/registry.npmjs.org/sass/.cache.json
25 silly addNameRange number 2 { name: 'sass', range: '*', hasData: true }
26 silly addNameRange versions [ 'sass', [ '0.4.0', '0.4.1', '0.4.2', '0.4.3', '0.5.0' ] ]
27 silly addNamed sass@0.5.0
28 verbose addNamed "0.5.0" is a plain semver version for sass
29 silly mapToRegistry name sass
30 silly mapToRegistry using default registry
31 silly mapToRegistry registry https://registry.npmjs.org/
32 silly mapToRegistry uri https://registry.npmjs.org/sass
33 verbose addRemoteTarball https://registry.npmjs.org/sass/-/sass-0.5.0.tgz not in flight; adding
34 verbose addRemoteTarball [ 'https://registry.npmjs.org/sass/-/sass-0.5.0.tgz',
34 verbose addRemoteTarball   '9dee1183a0f400361f2c5d3453bf2e54705e03f9' ]
35 info retry fetch attempt 1 at 3:39:46 PM
36 info attempt registry request try #1 at 3:39:46 PM
37 http fetch GET https://registry.npmjs.org/sass/-/sass-0.5.0.tgz
38 http fetch 200 https://registry.npmjs.org/sass/-/sass-0.5.0.tgz
39 silly fetchAndShaCheck shasum 9dee1183a0f400361f2c5d3453bf2e54705e03f9
40 verbose addTmpTarball /var/folders/sz/nj_1cyfx43v3w6tjjsycf7r80000gn/T/npm-30127-e0f6818c/registry.npmjs.org/sass/-/sass-0.5.0.tgz not in flight; adding
41 verbose addTmpTarball already have metadata; skipping unpack for sass@0.5.0
42 silly cache afterAdd sass@0.5.0
43 verbose afterAdd /Users/rex/.npm/sass/0.5.0/package/package.json not in flight; writing
44 verbose afterAdd /Users/rex/.npm/sass/0.5.0/package/package.json written
45 silly install resolved [ { name: 'sass',
45 silly install resolved     description: 'Syntactically Awesome Stylesheets (compiles to css)',
45 silly install resolved     version: '0.5.0',
45 silly install resolved     keywords: [ 'sass', 'template', 'css', 'view' ],
45 silly install resolved     author: { name: 'TJ Holowaychuk', email: 'tj@vision-media.ca' },
45 silly install resolved     contributors: [ [Object] ],
45 silly install resolved     main: './lib/sass',
45 silly install resolved     _id: 'sass@0.5.0',
45 silly install resolved     engines: { node: '*' },
45 silly install resolved     _nodeSupported: true,
45 silly install resolved     _npmVersion: '0.2.7-2',
45 silly install resolved     _nodeVersion: 'v0.3.1-pre',
45 silly install resolved     dist:
45 silly install resolved      { tarball: 'http://registry.npmjs.org/sass/-/sass-0.5.0.tgz',
45 silly install resolved        shasum: '9dee1183a0f400361f2c5d3453bf2e54705e03f9' },
45 silly install resolved     directories: {},
45 silly install resolved     _shasum: '9dee1183a0f400361f2c5d3453bf2e54705e03f9',
45 silly install resolved     _resolved: 'https://registry.npmjs.org/sass/-/sass-0.5.0.tgz',
45 silly install resolved     _from: 'sass@*' } ]
46 info install sass@0.5.0 into /usr/local/lib
47 info installOne sass@0.5.0
48 verbose installOne of sass to /usr/local/lib not in flight; installing
49 verbose lock using /Users/rex/.npm/_locks/sass-ab169bacba62a57a.lock for /usr/local/lib/node_modules/sass
50 silly install write writing sass 0.5.0 to /usr/local/lib/node_modules/sass
51 verbose unbuild lib/node_modules/sass
52 silly gentlyRm /usr/local/lib/node_modules/sass is being purged from base /usr/local
53 verbose gentlyRm don't care about contents; nuking /usr/local/lib/node_modules/sass
54 verbose tar unpack /Users/rex/.npm/sass/0.5.0/package.tgz
55 verbose tar unpacking to /usr/local/lib/node_modules/sass
56 silly gentlyRm /usr/local/lib/node_modules/sass is being purged
57 verbose gentlyRm don't care about contents; nuking /usr/local/lib/node_modules/sass
58 silly gunzTarPerm modes [ '755', '644' ]
59 error tar.unpack untar error /Users/rex/.npm/sass/0.5.0/package.tgz
60 verbose unlock done using /Users/rex/.npm/_locks/sass-ab169bacba62a57a.lock for /usr/local/lib/node_modules/sass
61 verbose fstream_path /usr/local/lib/node_modules/sass
62 verbose fstream_type Directory
63 verbose fstream_class DirWriter
64 verbose stack Error: EACCES, mkdir '/usr/local/lib/node_modules/sass'
64 verbose stack     at Error (native)
65 verbose fstream_stack /usr/local/lib/node_modules/npm/node_modules/fstream/lib/dir-writer.js:35:25
65 verbose fstream_stack /usr/local/lib/node_modules/npm/node_modules/mkdirp/index.js:47:53
65 verbose fstream_stack FSReqWrap.oncomplete (fs.js:99:15)
66 verbose cwd /Users/rex/Desktop/ST
67 error Darwin 14.0.0
68 error argv "node" "/usr/local/bin/npm" "install" "sass" "-g"
69 error node v0.12.0
70 error npm  v2.13.3
71 error path /usr/local/lib/node_modules/sass
72 error code EACCES
73 error errno -13
74 error Error: EACCES, mkdir '/usr/local/lib/node_modules/sass'
74 error     at Error (native)
74 error  { [Error: EACCES, mkdir '/usr/local/lib/node_modules/sass']
74 error   errno: -13,
74 error   code: 'EACCES',
74 error   path: '/usr/local/lib/node_modules/sass',
74 error   fstream_type: 'Directory',
74 error   fstream_path: '/usr/local/lib/node_modules/sass',
74 error   fstream_class: 'DirWriter',
74 error   fstream_stack:
74 error    [ '/usr/local/lib/node_modules/npm/node_modules/fstream/lib/dir-writer.js:35:25',
74 error      '/usr/local/lib/node_modules/npm/node_modules/mkdirp/index.js:47:53',
74 error      'FSReqWrap.oncomplete (fs.js:99:15)' ] }
75 error Please try running this command again as root/Administrator.
76 verbose exit [ -13, true ]
77 verbose unbuild lib/node_modules/sass
78 silly gentlyRm /usr/local/lib/node_modules/sass is being purged from base /usr/local
79 verbose gentlyRm don't care about contents; nuking /usr/local/lib/node_modules/sass
